<?xml version="1.0" encoding="UTF-8"?>
<!-- Generated by org.testng.reporters.JUnitXMLReporter -->
<testsuite ignored="0" hostname="NileshPC" failures="0" tests="7" name="my test" time="12.178" errors="0" timestamp="2024-07-06T15:49:13 IST">
  <testcase classname="testng.OrangeHRM" name="openapp" time="6.064"/>
  <testcase classname="testng.OrangeHRM" name="testLogo" time="5.079"/>
  <testcase classname="testng.OrangeHRM" name="testLogin" time="0.329"/>
  <testcase classname="testng.OrangeHRM" name="closeApp" time="0.591"/>
  <testcase classname="testng.MyfirstTC" name="openapp" time="0.0"/>
  <testcase classname="testng.MyfirstTC" name="login" time="0.012"/>
  <testcase classname="testng.MyfirstTC" name="logout" time="0.003"/>
</testsuite> <!-- my test -->
