<?xml version="1.0" encoding="UTF-8"?>
<!-- Generated by org.testng.reporters.JUnitXMLReporter -->
<testsuite ignored="6" hostname="NileshPC" failures="0" tests="2" name="grouptest" time="0.063" errors="0" timestamp="2024-07-09T22:55:29 IST">
  <testcase classname="testngintro4GroupingDependenciesMethod.PaymentTests" name="paymentinRupees" time="0.009"/>
  <testcase classname="testngintro4GroupingDependenciesMethod.PaymentTests" name="paymentinDollars" time="0.002"/>
  <testcase classname="testngintro4GroupingDependenciesMethod.LoginTests" name="loginByTwitter" time="0.0">
    <ignored/>
  </testcase> <!-- loginByTwitter -->
  <testcase classname="testngintro4GroupingDependenciesMethod.SignupTest" name="signupbytwitter" time="0.0">
    <ignored/>
  </testcase> <!-- signupbytwitter -->
  <testcase classname="testngintro4GroupingDependenciesMethod.LoginTests" name="loginByFacebook" time="0.0">
    <ignored/>
  </testcase> <!-- loginByFacebook -->
  <testcase classname="testngintro4GroupingDependenciesMethod.SignupTest" name="signupbyfacebook" time="0.0">
    <ignored/>
  </testcase> <!-- signupbyfacebook -->
  <testcase classname="testngintro4GroupingDependenciesMethod.LoginTests" name="loginByEmail" time="0.0">
    <ignored/>
  </testcase> <!-- loginByEmail -->
  <testcase classname="testngintro4GroupingDependenciesMethod.SignupTest" name="signupbyemail" time="0.0">
    <ignored/>
  </testcase> <!-- signupbyemail -->
</testsuite> <!-- grouptest -->
