<?xml version="1.0" encoding="UTF-8"?>
<!-- Generated by org.testng.reporters.JUnitXMLReporter -->
<testsuite ignored="0" hostname="NileshPC" failures="0" tests="3" name="chrometest" time="13.407" errors="0" timestamp="2024-07-10T23:29:25 IST">
  <testcase classname="testngintro6parelleltesting.ParamTest" name="testLogo" time="0.1"/>
  <testcase classname="testngintro6parelleltesting.ParamTest" name="testTitle" time="0.027"/>
  <testcase classname="testngintro6parelleltesting.ParamTest" name="testURL" time="0.036"/>
</testsuite> <!-- chrometest -->
