<?xml version="1.0" encoding="UTF-8"?>
<!-- Generated by org.testng.reporters.JUnitXMLReporter -->
<testsuite ignored="0" hostname="NileshPC" failures="0" tests="3" name="firefoxtest" time="26.377" errors="0" timestamp="2024-07-10T23:29:38 IST">
  <testcase classname="testngintro6parelleltesting.ParamTest" name="testLogo" time="0.045"/>
  <testcase classname="testngintro6parelleltesting.ParamTest" name="testTitle" time="0.022"/>
  <testcase classname="testngintro6parelleltesting.ParamTest" name="testURL" time="0.01"/>
</testsuite> <!-- firefoxtest -->
