<?xml version="1.0" encoding="UTF-8"?>
<!-- Generated by org.testng.reporters.JUnitXMLReporter -->
<testsuite ignored="0" hostname="NileshPC" failures="0" tests="4" name="TestOrangeHRMXML" time="12.939" errors="0" timestamp="2024-07-06T15:48:20 IST">
  <testcase classname="testng.OrangeHRM" name="openapp" time="5.431"/>
  <testcase classname="testng.OrangeHRM" name="testLogo" time="5.088"/>
  <testcase classname="testng.OrangeHRM" name="testLogin" time="1.64"/>
  <testcase classname="testng.OrangeHRM" name="closeApp" time="0.713"/>
</testsuite> <!-- TestOrangeHRMXML -->
