<?xml version="1.0" encoding="UTF-8"?>
<testng-results ignored="0" total="1" passed="1" failed="0" skipped="0">
  <reporter-output>
  </reporter-output>
  <suite started-at="2024-07-25T20:26:14 IST" name="Suite" finished-at="2024-07-25T20:26:21 IST" duration-ms="7193">
    <groups>
    </groups>
    <test started-at="2024-07-25T20:26:14 IST" name="Test" finished-at="2024-07-25T20:26:21 IST" duration-ms="7193">
      <class name="pageobjectmodeldesignpattern2withfactorymethod.LoginTest1">
        <test-method is-config="true" signature="setup()[pri:0, instance:pageobjectmodeldesignpattern2withfactorymethod.LoginTest1@489115ef]" started-at="2024-07-25T20:26:14 IST" name="setup" finished-at="2024-07-25T20:26:19 IST" duration-ms="4931" status="PASS">
          <reporter-output>
          </reporter-output>
        </test-method> <!-- setup -->
        <test-method signature="testLogin()[pri:0, instance:pageobjectmodeldesignpattern2withfactorymethod.LoginTest1@489115ef]" started-at="2024-07-25T20:26:19 IST" name="testLogin" finished-at="2024-07-25T20:26:21 IST" duration-ms="1678" status="PASS">
          <reporter-output>
          </reporter-output>
        </test-method> <!-- testLogin -->
        <test-method is-config="true" signature="tearDown()[pri:0, instance:pageobjectmodeldesignpattern2withfactorymethod.LoginTest1@489115ef]" started-at="2024-07-25T20:26:21 IST" name="tearDown" finished-at="2024-07-25T20:26:21 IST" duration-ms="538" status="PASS">
          <reporter-output>
          </reporter-output>
        </test-method> <!-- tearDown -->
      </class> <!-- pageobjectmodeldesignpattern2withfactorymethod.LoginTest1 -->
    </test> <!-- Test -->
  </suite> <!-- Suite -->
</testng-results>
